2022-03-06 15:03:35.764  INFO 5980 --- [main] com.guo.MainApplication                  : Starting MainApplication using Java 17.0.2 on DESKTOP-2N3PEKS with PID 5980 (E:\ideaprojects\novelproject\mynovel\target\classes started by guokaifeng in E:\ideaprojects\novelproject\mynovel)
2022-03-06 15:03:35.768 DEBUG 5980 --- [main] com.guo.MainApplication                  : Running with Spring Boot v2.6.3, Spring v5.3.15
2022-03-06 15:03:35.768  INFO 5980 --- [main] com.guo.MainApplication                  : No active profile set, falling back to default profiles: default
2022-03-06 15:03:36.059  INFO 5980 --- [main] .s.d.r.c.RepositoryConfigurationDelegate : Bootstrapping Spring Data JDBC repositories in DEFAULT mode.
2022-03-06 15:03:36.072  INFO 5980 --- [main] .s.d.r.c.RepositoryConfigurationDelegate : Finished Spring Data repository scanning in 5 ms. Found 0 JDBC repository interfaces.
2022-03-06 15:03:36.155  INFO 5980 --- [main] trationDelegate$BeanPostProcessorChecker : Bean 'org.apache.shiro.spring.boot.autoconfigure.ShiroBeanAutoConfiguration' of type [org.apache.shiro.spring.boot.autoconfigure.ShiroBeanAutoConfiguration$$EnhancerBySpringCGLIB$$e956260c] is not eligible for getting processed by all BeanPostProcessors (for example: not eligible for auto-proxying)
2022-03-06 15:03:36.161  INFO 5980 --- [main] trationDelegate$BeanPostProcessorChecker : Bean 'org.apache.shiro.spring.boot.autoconfigure.ShiroAnnotationProcessorAutoConfiguration' of type [org.apache.shiro.spring.boot.autoconfigure.ShiroAnnotationProcessorAutoConfiguration$$EnhancerBySpringCGLIB$$ebe964b1] is not eligible for getting processed by all BeanPostProcessors (for example: not eligible for auto-proxying)
2022-03-06 15:03:36.176  INFO 5980 --- [main] trationDelegate$BeanPostProcessorChecker : Bean 'shiroConfig' of type [com.guo.config.ShiroConfig$$EnhancerBySpringCGLIB$$f19a9782] is not eligible for getting processed by all BeanPostProcessors (for example: not eligible for auto-proxying)
2022-03-06 15:03:36.209  INFO 5980 --- [main] trationDelegate$BeanPostProcessorChecker : Bean 'mybatis-plus-com.baomidou.mybatisplus.autoconfigure.MybatisPlusProperties' of type [com.baomidou.mybatisplus.autoconfigure.MybatisPlusProperties] is not eligible for getting processed by all BeanPostProcessors (for example: not eligible for auto-proxying)
2022-03-06 15:03:36.212  INFO 5980 --- [main] trationDelegate$BeanPostProcessorChecker : Bean 'com.baomidou.mybatisplus.autoconfigure.MybatisPlusAutoConfiguration' of type [com.baomidou.mybatisplus.autoconfigure.MybatisPlusAutoConfiguration$$EnhancerBySpringCGLIB$$1405b4f6] is not eligible for getting processed by all BeanPostProcessors (for example: not eligible for auto-proxying)
2022-03-06 15:03:36.213  INFO 5980 --- [main] trationDelegate$BeanPostProcessorChecker : Bean 'druidConfig' of type [com.guo.config.DruidConfig$$EnhancerBySpringCGLIB$$4640faf3] is not eligible for getting processed by all BeanPostProcessors (for example: not eligible for auto-proxying)
2022-03-06 15:03:36.255  INFO 5980 --- [main] trationDelegate$BeanPostProcessorChecker : Bean 'druidDataSource' of type [com.alibaba.druid.pool.DruidDataSource] is not eligible for getting processed by all BeanPostProcessors (for example: not eligible for auto-proxying)
2022-03-06 15:03:41.823  INFO 5980 --- [main] com.alibaba.druid.pool.DruidDataSource   : {dataSource-1} inited
2022-03-06 15:03:42.031  INFO 5980 --- [main] trationDelegate$BeanPostProcessorChecker : Bean 'sqlSessionFactory' of type [org.apache.ibatis.session.defaults.DefaultSqlSessionFactory] is not eligible for getting processed by all BeanPostProcessors (for example: not eligible for auto-proxying)
2022-03-06 15:03:42.035  INFO 5980 --- [main] trationDelegate$BeanPostProcessorChecker : Bean 'sqlSessionTemplate' of type [org.mybatis.spring.SqlSessionTemplate] is not eligible for getting processed by all BeanPostProcessors (for example: not eligible for auto-proxying)
2022-03-06 15:03:42.112  INFO 5980 --- [main] trationDelegate$BeanPostProcessorChecker : Bean 'accountMapper' of type [org.mybatis.spring.mapper.MapperFactoryBean] is not eligible for getting processed by all BeanPostProcessors (for example: not eligible for auto-proxying)
2022-03-06 15:03:42.113  INFO 5980 --- [main] trationDelegate$BeanPostProcessorChecker : Bean 'accountMapper' of type [jdk.proxy2.$Proxy68] is not eligible for getting processed by all BeanPostProcessors (for example: not eligible for auto-proxying)
2022-03-06 15:03:42.116  INFO 5980 --- [main] trationDelegate$BeanPostProcessorChecker : Bean 'accountServiceImpl' of type [com.guo.service.impl.AccountServiceImpl] is not eligible for getting processed by all BeanPostProcessors (for example: not eligible for auto-proxying)
2022-03-06 15:03:42.123  INFO 5980 --- [main] trationDelegate$BeanPostProcessorChecker : Bean 'userRealm' of type [com.guo.config.UserRealm] is not eligible for getting processed by all BeanPostProcessors (for example: not eligible for auto-proxying)
2022-03-06 15:03:42.154  INFO 5980 --- [main] trationDelegate$BeanPostProcessorChecker : Bean 'manager' of type [org.apache.shiro.web.mgt.DefaultWebSecurityManager] is not eligible for getting processed by all BeanPostProcessors (for example: not eligible for auto-proxying)
2022-03-06 15:03:42.161  INFO 5980 --- [main] trationDelegate$BeanPostProcessorChecker : Bean 'authorizationAttributeSourceAdvisor' of type [org.apache.shiro.spring.security.interceptor.AuthorizationAttributeSourceAdvisor] is not eligible for getting processed by all BeanPostProcessors (for example: not eligible for auto-proxying)
2022-03-06 15:03:42.162  INFO 5980 --- [main] trationDelegate$BeanPostProcessorChecker : Bean 'eventBus' of type [org.apache.shiro.event.support.DefaultEventBus] is not eligible for getting processed by all BeanPostProcessors (for example: not eligible for auto-proxying)
2022-03-06 15:03:42.267  INFO 5980 --- [main] o.s.b.w.embedded.tomcat.TomcatWebServer  : Tomcat initialized with port(s): 8080 (http)
2022-03-06 15:03:42.272  INFO 5980 --- [main] o.apache.catalina.core.StandardService   : Starting service [Tomcat]
2022-03-06 15:03:42.272  INFO 5980 --- [main] org.apache.catalina.core.StandardEngine  : Starting Servlet engine: [Apache Tomcat/9.0.56]
2022-03-06 15:03:42.332  INFO 5980 --- [main] o.a.c.c.C.[Tomcat].[localhost].[/]       : Initializing Spring embedded WebApplicationContext
2022-03-06 15:03:42.332  INFO 5980 --- [main] w.s.c.ServletWebServerApplicationContext : Root WebApplicationContext: initialization completed in 6538 ms
2022-03-06 15:03:42.919  INFO 5980 --- [main] o.s.b.w.embedded.tomcat.TomcatWebServer  : Tomcat started on port(s): 8080 (http) with context path ''
2022-03-06 15:03:42.926  INFO 5980 --- [main] com.guo.MainApplication                  : Started MainApplication in 7.368 seconds (JVM running for 7.853)
2022-03-06 15:04:11.721  INFO 5980 --- [http-nio-8080-exec-1] o.a.c.c.C.[Tomcat].[localhost].[/]       : Initializing Spring DispatcherServlet 'dispatcherServlet'
2022-03-06 15:04:11.721  INFO 5980 --- [http-nio-8080-exec-1] o.s.web.servlet.DispatcherServlet        : Initializing Servlet 'dispatcherServlet'
2022-03-06 15:04:11.722  INFO 5980 --- [http-nio-8080-exec-1] o.s.web.servlet.DispatcherServlet        : Completed initialization in 1 ms
2022-03-06 15:04:11.849 DEBUG 5980 --- [http-nio-8080-exec-1] c.g.bean.mapper.NovelMapper.getRecomand  : ==>  Preparing: select novel.novel_id, novel.novel_name, novel.upload_time, novel.title, novel.type, account.user_name from novelproject.novel novel join novelproject.account account where novel.author_id = account.user_id limit ? , 10 
2022-03-06 15:04:11.895 DEBUG 5980 --- [http-nio-8080-exec-1] c.g.bean.mapper.NovelMapper.getRecomand  : ==> Parameters: 0(Integer)
2022-03-06 15:04:12.047 DEBUG 5980 --- [http-nio-8080-exec-1] c.g.bean.mapper.NovelMapper.getRecomand  : <==      Total: 2
2022-03-06 15:04:12.462 DEBUG 5980 --- [http-nio-8080-exec-1] c.g.b.m.N.getDetailByParamWithId         : ==>  Preparing: select img_path from novelproject.novel where 1=1 and novel_id=? 
2022-03-06 15:04:12.463 DEBUG 5980 --- [http-nio-8080-exec-1] c.g.b.m.N.getDetailByParamWithId         : ==> Parameters: 1(Integer)
2022-03-06 15:04:12.531 DEBUG 5980 --- [http-nio-8080-exec-1] c.g.b.m.N.getDetailByParamWithId         : <==      Total: 1
2022-03-06 15:04:12.540 DEBUG 5980 --- [http-nio-8080-exec-1] c.g.b.m.N.getDetailByParamWithId         : ==>  Preparing: select img_path from novelproject.novel where 1=1 and novel_id=? 
2022-03-06 15:04:12.540 DEBUG 5980 --- [http-nio-8080-exec-1] c.g.b.m.N.getDetailByParamWithId         : ==> Parameters: 2(Integer)
2022-03-06 15:04:12.662 DEBUG 5980 --- [http-nio-8080-exec-1] c.g.b.m.N.getDetailByParamWithId         : <==      Total: 1
2022-03-06 16:18:11.880 DEBUG 5980 --- [http-nio-8080-exec-5] c.g.bean.mapper.NovelMapper.getRecomand  : ==>  Preparing: select novel.novel_id, novel.novel_name, novel.upload_time, novel.title, novel.type, account.user_name from novelproject.novel novel join novelproject.account account where novel.author_id = account.user_id limit ? , 10 
2022-03-06 16:18:11.881 DEBUG 5980 --- [http-nio-8080-exec-5] c.g.bean.mapper.NovelMapper.getRecomand  : ==> Parameters: 0(Integer)
2022-03-06 16:18:11.902 DEBUG 5980 --- [http-nio-8080-exec-5] c.g.bean.mapper.NovelMapper.getRecomand  : <==      Total: 2
2022-03-06 16:18:12.003 DEBUG 5980 --- [http-nio-8080-exec-5] c.g.b.m.N.getDetailByParamWithId         : ==>  Preparing: select img_path from novelproject.novel where 1=1 and novel_id=? 
2022-03-06 16:18:12.004 DEBUG 5980 --- [http-nio-8080-exec-5] c.g.b.m.N.getDetailByParamWithId         : ==> Parameters: 1(Integer)
2022-03-06 16:18:12.024 DEBUG 5980 --- [http-nio-8080-exec-5] c.g.b.m.N.getDetailByParamWithId         : <==      Total: 1
2022-03-06 16:18:12.025 DEBUG 5980 --- [http-nio-8080-exec-5] c.g.b.m.N.getDetailByParamWithId         : ==>  Preparing: select img_path from novelproject.novel where 1=1 and novel_id=? 
2022-03-06 16:18:12.026 DEBUG 5980 --- [http-nio-8080-exec-5] c.g.b.m.N.getDetailByParamWithId         : ==> Parameters: 2(Integer)
2022-03-06 16:18:12.045 DEBUG 5980 --- [http-nio-8080-exec-5] c.g.b.m.N.getDetailByParamWithId         : <==      Total: 1
2022-03-06 17:04:25.518  INFO 5980 --- [SpringApplicationShutdownHook] com.alibaba.druid.pool.DruidDataSource   : {dataSource-1} closing ...
2022-03-06 17:04:25.527  INFO 5980 --- [SpringApplicationShutdownHook] com.alibaba.druid.pool.DruidDataSource   : {dataSource-1} closed
2022-03-06 17:04:27.583  INFO 7200 --- [main] com.guo.MainApplication                  : Starting MainApplication using Java 17.0.2 on DESKTOP-2N3PEKS with PID 7200 (E:\ideaprojects\novelproject\mynovel\target\classes started by guokaifeng in E:\ideaprojects\novelproject\mynovel)
2022-03-06 17:04:27.584 DEBUG 7200 --- [main] com.guo.MainApplication                  : Running with Spring Boot v2.6.3, Spring v5.3.15
2022-03-06 17:04:27.585  INFO 7200 --- [main] com.guo.MainApplication                  : No active profile set, falling back to default profiles: default
2022-03-06 17:04:27.893  INFO 7200 --- [main] .s.d.r.c.RepositoryConfigurationDelegate : Bootstrapping Spring Data JDBC repositories in DEFAULT mode.
2022-03-06 17:04:27.900  INFO 7200 --- [main] .s.d.r.c.RepositoryConfigurationDelegate : Finished Spring Data repository scanning in 4 ms. Found 0 JDBC repository interfaces.
2022-03-06 17:04:27.990  INFO 7200 --- [main] trationDelegate$BeanPostProcessorChecker : Bean 'org.apache.shiro.spring.boot.autoconfigure.ShiroBeanAutoConfiguration' of type [org.apache.shiro.spring.boot.autoconfigure.ShiroBeanAutoConfiguration$$EnhancerBySpringCGLIB$$b0eb9ff0] is not eligible for getting processed by all BeanPostProcessors (for example: not eligible for auto-proxying)
2022-03-06 17:04:27.995  INFO 7200 --- [main] trationDelegate$BeanPostProcessorChecker : Bean 'org.apache.shiro.spring.boot.autoconfigure.ShiroAnnotationProcessorAutoConfiguration' of type [org.apache.shiro.spring.boot.autoconfigure.ShiroAnnotationProcessorAutoConfiguration$$EnhancerBySpringCGLIB$$b37ede95] is not eligible for getting processed by all BeanPostProcessors (for example: not eligible for auto-proxying)
2022-03-06 17:04:28.009  INFO 7200 --- [main] trationDelegate$BeanPostProcessorChecker : Bean 'shiroConfig' of type [com.guo.config.ShiroConfig$$EnhancerBySpringCGLIB$$b9301166] is not eligible for getting processed by all BeanPostProcessors (for example: not eligible for auto-proxying)
2022-03-06 17:04:28.042  INFO 7200 --- [main] trationDelegate$BeanPostProcessorChecker : Bean 'mybatis-plus-com.baomidou.mybatisplus.autoconfigure.MybatisPlusProperties' of type [com.baomidou.mybatisplus.autoconfigure.MybatisPlusProperties] is not eligible for getting processed by all BeanPostProcessors (for example: not eligible for auto-proxying)
2022-03-06 17:04:28.045  INFO 7200 --- [main] trationDelegate$BeanPostProcessorChecker : Bean 'com.baomidou.mybatisplus.autoconfigure.MybatisPlusAutoConfiguration' of type [com.baomidou.mybatisplus.autoconfigure.MybatisPlusAutoConfiguration$$EnhancerBySpringCGLIB$$db9b2eda] is not eligible for getting processed by all BeanPostProcessors (for example: not eligible for auto-proxying)
2022-03-06 17:04:28.046  INFO 7200 --- [main] trationDelegate$BeanPostProcessorChecker : Bean 'druidConfig' of type [com.guo.config.DruidConfig$$EnhancerBySpringCGLIB$$dd674d7] is not eligible for getting processed by all BeanPostProcessors (for example: not eligible for auto-proxying)
2022-03-06 17:04:28.091  INFO 7200 --- [main] trationDelegate$BeanPostProcessorChecker : Bean 'druidDataSource' of type [com.alibaba.druid.pool.DruidDataSource] is not eligible for getting processed by all BeanPostProcessors (for example: not eligible for auto-proxying)
2022-03-06 17:04:29.354  INFO 7200 --- [main] com.alibaba.druid.pool.DruidDataSource   : {dataSource-1} inited
2022-03-06 17:04:29.396  INFO 7200 --- [main] trationDelegate$BeanPostProcessorChecker : Bean 'sqlSessionFactory' of type [org.apache.ibatis.session.defaults.DefaultSqlSessionFactory] is not eligible for getting processed by all BeanPostProcessors (for example: not eligible for auto-proxying)
2022-03-06 17:04:29.401  INFO 7200 --- [main] trationDelegate$BeanPostProcessorChecker : Bean 'sqlSessionTemplate' of type [org.mybatis.spring.SqlSessionTemplate] is not eligible for getting processed by all BeanPostProcessors (for example: not eligible for auto-proxying)
2022-03-06 17:04:29.444  INFO 7200 --- [main] trationDelegate$BeanPostProcessorChecker : Bean 'accountMapper' of type [org.mybatis.spring.mapper.MapperFactoryBean] is not eligible for getting processed by all BeanPostProcessors (for example: not eligible for auto-proxying)
2022-03-06 17:04:29.446  INFO 7200 --- [main] trationDelegate$BeanPostProcessorChecker : Bean 'accountMapper' of type [jdk.proxy2.$Proxy68] is not eligible for getting processed by all BeanPostProcessors (for example: not eligible for auto-proxying)
2022-03-06 17:04:29.449  INFO 7200 --- [main] trationDelegate$BeanPostProcessorChecker : Bean 'accountServiceImpl' of type [com.guo.service.impl.AccountServiceImpl] is not eligible for getting processed by all BeanPostProcessors (for example: not eligible for auto-proxying)
2022-03-06 17:04:29.457  INFO 7200 --- [main] trationDelegate$BeanPostProcessorChecker : Bean 'userRealm' of type [com.guo.config.UserRealm] is not eligible for getting processed by all BeanPostProcessors (for example: not eligible for auto-proxying)
2022-03-06 17:04:29.488  INFO 7200 --- [main] trationDelegate$BeanPostProcessorChecker : Bean 'manager' of type [org.apache.shiro.web.mgt.DefaultWebSecurityManager] is not eligible for getting processed by all BeanPostProcessors (for example: not eligible for auto-proxying)
2022-03-06 17:04:29.498  INFO 7200 --- [main] trationDelegate$BeanPostProcessorChecker : Bean 'authorizationAttributeSourceAdvisor' of type [org.apache.shiro.spring.security.interceptor.AuthorizationAttributeSourceAdvisor] is not eligible for getting processed by all BeanPostProcessors (for example: not eligible for auto-proxying)
2022-03-06 17:04:29.499  INFO 7200 --- [main] trationDelegate$BeanPostProcessorChecker : Bean 'eventBus' of type [org.apache.shiro.event.support.DefaultEventBus] is not eligible for getting processed by all BeanPostProcessors (for example: not eligible for auto-proxying)
2022-03-06 17:04:29.608  INFO 7200 --- [main] o.s.b.w.embedded.tomcat.TomcatWebServer  : Tomcat initialized with port(s): 8080 (http)
2022-03-06 17:04:29.612  INFO 7200 --- [main] o.apache.catalina.core.StandardService   : Starting service [Tomcat]
2022-03-06 17:04:29.612  INFO 7200 --- [main] org.apache.catalina.core.StandardEngine  : Starting Servlet engine: [Apache Tomcat/9.0.56]
2022-03-06 17:04:29.656  INFO 7200 --- [main] o.a.c.c.C.[Tomcat].[localhost].[/]       : Initializing Spring embedded WebApplicationContext
2022-03-06 17:04:29.656  INFO 7200 --- [main] w.s.c.ServletWebServerApplicationContext : Root WebApplicationContext: initialization completed in 2043 ms
2022-03-06 17:04:30.066  INFO 7200 --- [main] o.s.b.w.embedded.tomcat.TomcatWebServer  : Tomcat started on port(s): 8080 (http) with context path ''
2022-03-06 17:04:30.072  INFO 7200 --- [main] com.guo.MainApplication                  : Started MainApplication in 2.714 seconds (JVM running for 3.104)
2022-03-06 17:04:33.529  INFO 7200 --- [http-nio-8080-exec-1] o.a.c.c.C.[Tomcat].[localhost].[/]       : Initializing Spring DispatcherServlet 'dispatcherServlet'
2022-03-06 17:04:33.529  INFO 7200 --- [http-nio-8080-exec-1] o.s.web.servlet.DispatcherServlet        : Initializing Servlet 'dispatcherServlet'
2022-03-06 17:04:33.529  INFO 7200 --- [http-nio-8080-exec-1] o.s.web.servlet.DispatcherServlet        : Completed initialization in 0 ms
2022-03-06 17:06:23.719  INFO 7200 --- [SpringApplicationShutdownHook] com.alibaba.druid.pool.DruidDataSource   : {dataSource-1} closing ...
2022-03-06 17:06:23.722  INFO 7200 --- [SpringApplicationShutdownHook] com.alibaba.druid.pool.DruidDataSource   : {dataSource-1} closed
2022-03-06 17:06:25.515  INFO 6728 --- [main] com.guo.MainApplication                  : Starting MainApplication using Java 17.0.2 on DESKTOP-2N3PEKS with PID 6728 (E:\ideaprojects\novelproject\mynovel\target\classes started by guokaifeng in E:\ideaprojects\novelproject\mynovel)
2022-03-06 17:06:25.516 DEBUG 6728 --- [main] com.guo.MainApplication                  : Running with Spring Boot v2.6.3, Spring v5.3.15
2022-03-06 17:06:25.517  INFO 6728 --- [main] com.guo.MainApplication                  : No active profile set, falling back to default profiles: default
2022-03-06 17:06:25.827  INFO 6728 --- [main] .s.d.r.c.RepositoryConfigurationDelegate : Bootstrapping Spring Data JDBC repositories in DEFAULT mode.
2022-03-06 17:06:25.834  INFO 6728 --- [main] .s.d.r.c.RepositoryConfigurationDelegate : Finished Spring Data repository scanning in 4 ms. Found 0 JDBC repository interfaces.
2022-03-06 17:06:25.919  INFO 6728 --- [main] trationDelegate$BeanPostProcessorChecker : Bean 'org.apache.shiro.spring.boot.autoconfigure.ShiroBeanAutoConfiguration' of type [org.apache.shiro.spring.boot.autoconfigure.ShiroBeanAutoConfiguration$$EnhancerBySpringCGLIB$$ae5cafd0] is not eligible for getting processed by all BeanPostProcessors (for example: not eligible for auto-proxying)
2022-03-06 17:06:25.924  INFO 6728 --- [main] trationDelegate$BeanPostProcessorChecker : Bean 'org.apache.shiro.spring.boot.autoconfigure.ShiroAnnotationProcessorAutoConfiguration' of type [org.apache.shiro.spring.boot.autoconfigure.ShiroAnnotationProcessorAutoConfiguration$$EnhancerBySpringCGLIB$$b0efee75] is not eligible for getting processed by all BeanPostProcessors (for example: not eligible for auto-proxying)
2022-03-06 17:06:25.939  INFO 6728 --- [main] trationDelegate$BeanPostProcessorChecker : Bean 'shiroConfig' of type [com.guo.config.ShiroConfig$$EnhancerBySpringCGLIB$$b6a12146] is not eligible for getting processed by all BeanPostProcessors (for example: not eligible for auto-proxying)
2022-03-06 17:06:25.970  INFO 6728 --- [main] trationDelegate$BeanPostProcessorChecker : Bean 'mybatis-plus-com.baomidou.mybatisplus.autoconfigure.MybatisPlusProperties' of type [com.baomidou.mybatisplus.autoconfigure.MybatisPlusProperties] is not eligible for getting processed by all BeanPostProcessors (for example: not eligible for auto-proxying)
2022-03-06 17:06:25.973  INFO 6728 --- [main] trationDelegate$BeanPostProcessorChecker : Bean 'com.baomidou.mybatisplus.autoconfigure.MybatisPlusAutoConfiguration' of type [com.baomidou.mybatisplus.autoconfigure.MybatisPlusAutoConfiguration$$EnhancerBySpringCGLIB$$d90c3eba] is not eligible for getting processed by all BeanPostProcessors (for example: not eligible for auto-proxying)
2022-03-06 17:06:25.974  INFO 6728 --- [main] trationDelegate$BeanPostProcessorChecker : Bean 'druidConfig' of type [com.guo.config.DruidConfig$$EnhancerBySpringCGLIB$$b4784b7] is not eligible for getting processed by all BeanPostProcessors (for example: not eligible for auto-proxying)
2022-03-06 17:06:26.018  INFO 6728 --- [main] trationDelegate$BeanPostProcessorChecker : Bean 'druidDataSource' of type [com.alibaba.druid.pool.DruidDataSource] is not eligible for getting processed by all BeanPostProcessors (for example: not eligible for auto-proxying)
2022-03-06 17:06:27.224  INFO 6728 --- [main] com.alibaba.druid.pool.DruidDataSource   : {dataSource-1} inited
2022-03-06 17:06:27.272  INFO 6728 --- [main] trationDelegate$BeanPostProcessorChecker : Bean 'sqlSessionFactory' of type [org.apache.ibatis.session.defaults.DefaultSqlSessionFactory] is not eligible for getting processed by all BeanPostProcessors (for example: not eligible for auto-proxying)
2022-03-06 17:06:27.275  INFO 6728 --- [main] trationDelegate$BeanPostProcessorChecker : Bean 'sqlSessionTemplate' of type [org.mybatis.spring.SqlSessionTemplate] is not eligible for getting processed by all BeanPostProcessors (for example: not eligible for auto-proxying)
2022-03-06 17:06:27.318  INFO 6728 --- [main] trationDelegate$BeanPostProcessorChecker : Bean 'accountMapper' of type [org.mybatis.spring.mapper.MapperFactoryBean] is not eligible for getting processed by all BeanPostProcessors (for example: not eligible for auto-proxying)
2022-03-06 17:06:27.320  INFO 6728 --- [main] trationDelegate$BeanPostProcessorChecker : Bean 'accountMapper' of type [jdk.proxy2.$Proxy68] is not eligible for getting processed by all BeanPostProcessors (for example: not eligible for auto-proxying)
2022-03-06 17:06:27.323  INFO 6728 --- [main] trationDelegate$BeanPostProcessorChecker : Bean 'accountServiceImpl' of type [com.guo.service.impl.AccountServiceImpl] is not eligible for getting processed by all BeanPostProcessors (for example: not eligible for auto-proxying)
2022-03-06 17:06:27.330  INFO 6728 --- [main] trationDelegate$BeanPostProcessorChecker : Bean 'userRealm' of type [com.guo.config.UserRealm] is not eligible for getting processed by all BeanPostProcessors (for example: not eligible for auto-proxying)
2022-03-06 17:06:27.359  INFO 6728 --- [main] trationDelegate$BeanPostProcessorChecker : Bean 'manager' of type [org.apache.shiro.web.mgt.DefaultWebSecurityManager] is not eligible for getting processed by all BeanPostProcessors (for example: not eligible for auto-proxying)
2022-03-06 17:06:27.366  INFO 6728 --- [main] trationDelegate$BeanPostProcessorChecker : Bean 'authorizationAttributeSourceAdvisor' of type [org.apache.shiro.spring.security.interceptor.AuthorizationAttributeSourceAdvisor] is not eligible for getting processed by all BeanPostProcessors (for example: not eligible for auto-proxying)
2022-03-06 17:06:27.368  INFO 6728 --- [main] trationDelegate$BeanPostProcessorChecker : Bean 'eventBus' of type [org.apache.shiro.event.support.DefaultEventBus] is not eligible for getting processed by all BeanPostProcessors (for example: not eligible for auto-proxying)
2022-03-06 17:06:27.476  INFO 6728 --- [main] o.s.b.w.embedded.tomcat.TomcatWebServer  : Tomcat initialized with port(s): 8080 (http)
2022-03-06 17:06:27.481  INFO 6728 --- [main] o.apache.catalina.core.StandardService   : Starting service [Tomcat]
2022-03-06 17:06:27.481  INFO 6728 --- [main] org.apache.catalina.core.StandardEngine  : Starting Servlet engine: [Apache Tomcat/9.0.56]
2022-03-06 17:06:27.523  INFO 6728 --- [main] o.a.c.c.C.[Tomcat].[localhost].[/]       : Initializing Spring embedded WebApplicationContext
2022-03-06 17:06:27.523  INFO 6728 --- [main] w.s.c.ServletWebServerApplicationContext : Root WebApplicationContext: initialization completed in 1978 ms
2022-03-06 17:06:27.951  INFO 6728 --- [main] o.s.b.w.embedded.tomcat.TomcatWebServer  : Tomcat started on port(s): 8080 (http) with context path ''
2022-03-06 17:06:27.958  INFO 6728 --- [main] com.guo.MainApplication                  : Started MainApplication in 2.661 seconds (JVM running for 3.061)
2022-03-06 17:06:42.891  INFO 6728 --- [http-nio-8080-exec-1] o.a.c.c.C.[Tomcat].[localhost].[/]       : Initializing Spring DispatcherServlet 'dispatcherServlet'
2022-03-06 17:06:42.891  INFO 6728 --- [http-nio-8080-exec-1] o.s.web.servlet.DispatcherServlet        : Initializing Servlet 'dispatcherServlet'
2022-03-06 17:06:42.892  INFO 6728 --- [http-nio-8080-exec-1] o.s.web.servlet.DispatcherServlet        : Completed initialization in 1 ms
2022-03-06 17:08:39.065  INFO 6728 --- [SpringApplicationShutdownHook] com.alibaba.druid.pool.DruidDataSource   : {dataSource-1} closing ...
2022-03-06 17:08:39.068  INFO 6728 --- [SpringApplicationShutdownHook] com.alibaba.druid.pool.DruidDataSource   : {dataSource-1} closed
2022-03-06 17:08:40.707  INFO 16108 --- [main] com.guo.MainApplication                  : Starting MainApplication using Java 17.0.2 on DESKTOP-2N3PEKS with PID 16108 (E:\ideaprojects\novelproject\mynovel\target\classes started by guokaifeng in E:\ideaprojects\novelproject\mynovel)
2022-03-06 17:08:40.708 DEBUG 16108 --- [main] com.guo.MainApplication                  : Running with Spring Boot v2.6.3, Spring v5.3.15
2022-03-06 17:08:40.709  INFO 16108 --- [main] com.guo.MainApplication                  : No active profile set, falling back to default profiles: default
2022-03-06 17:08:41.012  INFO 16108 --- [main] .s.d.r.c.RepositoryConfigurationDelegate : Bootstrapping Spring Data JDBC repositories in DEFAULT mode.
2022-03-06 17:08:41.019  INFO 16108 --- [main] .s.d.r.c.RepositoryConfigurationDelegate : Finished Spring Data repository scanning in 4 ms. Found 0 JDBC repository interfaces.
2022-03-06 17:08:41.104  INFO 16108 --- [main] trationDelegate$BeanPostProcessorChecker : Bean 'org.apache.shiro.spring.boot.autoconfigure.ShiroBeanAutoConfiguration' of type [org.apache.shiro.spring.boot.autoconfigure.ShiroBeanAutoConfiguration$$EnhancerBySpringCGLIB$$a44d8fc1] is not eligible for getting processed by all BeanPostProcessors (for example: not eligible for auto-proxying)
2022-03-06 17:08:41.109  INFO 16108 --- [main] trationDelegate$BeanPostProcessorChecker : Bean 'org.apache.shiro.spring.boot.autoconfigure.ShiroAnnotationProcessorAutoConfiguration' of type [org.apache.shiro.spring.boot.autoconfigure.ShiroAnnotationProcessorAutoConfiguration$$EnhancerBySpringCGLIB$$a6e0ce66] is not eligible for getting processed by all BeanPostProcessors (for example: not eligible for auto-proxying)
2022-03-06 17:08:41.125  INFO 16108 --- [main] trationDelegate$BeanPostProcessorChecker : Bean 'shiroConfig' of type [com.guo.config.ShiroConfig$$EnhancerBySpringCGLIB$$ac920137] is not eligible for getting processed by all BeanPostProcessors (for example: not eligible for auto-proxying)
2022-03-06 17:08:41.155  INFO 16108 --- [main] trationDelegate$BeanPostProcessorChecker : Bean 'mybatis-plus-com.baomidou.mybatisplus.autoconfigure.MybatisPlusProperties' of type [com.baomidou.mybatisplus.autoconfigure.MybatisPlusProperties] is not eligible for getting processed by all BeanPostProcessors (for example: not eligible for auto-proxying)
2022-03-06 17:08:41.157  INFO 16108 --- [main] trationDelegate$BeanPostProcessorChecker : Bean 'com.baomidou.mybatisplus.autoconfigure.MybatisPlusAutoConfiguration' of type [com.baomidou.mybatisplus.autoconfigure.MybatisPlusAutoConfiguration$$EnhancerBySpringCGLIB$$cefd1eab] is not eligible for getting processed by all BeanPostProcessors (for example: not eligible for auto-proxying)
2022-03-06 17:08:41.158  INFO 16108 --- [main] trationDelegate$BeanPostProcessorChecker : Bean 'druidConfig' of type [com.guo.config.DruidConfig$$EnhancerBySpringCGLIB$$13864a8] is not eligible for getting processed by all BeanPostProcessors (for example: not eligible for auto-proxying)
2022-03-06 17:08:41.201  INFO 16108 --- [main] trationDelegate$BeanPostProcessorChecker : Bean 'druidDataSource' of type [com.alibaba.druid.pool.DruidDataSource] is not eligible for getting processed by all BeanPostProcessors (for example: not eligible for auto-proxying)
2022-03-06 17:08:42.417  INFO 16108 --- [main] com.alibaba.druid.pool.DruidDataSource   : {dataSource-1} inited
2022-03-06 17:08:42.470  INFO 16108 --- [main] trationDelegate$BeanPostProcessorChecker : Bean 'sqlSessionFactory' of type [org.apache.ibatis.session.defaults.DefaultSqlSessionFactory] is not eligible for getting processed by all BeanPostProcessors (for example: not eligible for auto-proxying)
2022-03-06 17:08:42.473  INFO 16108 --- [main] trationDelegate$BeanPostProcessorChecker : Bean 'sqlSessionTemplate' of type [org.mybatis.spring.SqlSessionTemplate] is not eligible for getting processed by all BeanPostProcessors (for example: not eligible for auto-proxying)
2022-03-06 17:08:42.516  INFO 16108 --- [main] trationDelegate$BeanPostProcessorChecker : Bean 'accountMapper' of type [org.mybatis.spring.mapper.MapperFactoryBean] is not eligible for getting processed by all BeanPostProcessors (for example: not eligible for auto-proxying)
2022-03-06 17:08:42.519  INFO 16108 --- [main] trationDelegate$BeanPostProcessorChecker : Bean 'accountMapper' of type [jdk.proxy2.$Proxy68] is not eligible for getting processed by all BeanPostProcessors (for example: not eligible for auto-proxying)
2022-03-06 17:08:42.521  INFO 16108 --- [main] trationDelegate$BeanPostProcessorChecker : Bean 'accountServiceImpl' of type [com.guo.service.impl.AccountServiceImpl] is not eligible for getting processed by all BeanPostProcessors (for example: not eligible for auto-proxying)
2022-03-06 17:08:42.529  INFO 16108 --- [main] trationDelegate$BeanPostProcessorChecker : Bean 'userRealm' of type [com.guo.config.UserRealm] is not eligible for getting processed by all BeanPostProcessors (for example: not eligible for auto-proxying)
2022-03-06 17:08:42.559  INFO 16108 --- [main] trationDelegate$BeanPostProcessorChecker : Bean 'manager' of type [org.apache.shiro.web.mgt.DefaultWebSecurityManager] is not eligible for getting processed by all BeanPostProcessors (for example: not eligible for auto-proxying)
2022-03-06 17:08:42.570  INFO 16108 --- [main] trationDelegate$BeanPostProcessorChecker : Bean 'authorizationAttributeSourceAdvisor' of type [org.apache.shiro.spring.security.interceptor.AuthorizationAttributeSourceAdvisor] is not eligible for getting processed by all BeanPostProcessors (for example: not eligible for auto-proxying)
2022-03-06 17:08:42.571  INFO 16108 --- [main] trationDelegate$BeanPostProcessorChecker : Bean 'eventBus' of type [org.apache.shiro.event.support.DefaultEventBus] is not eligible for getting processed by all BeanPostProcessors (for example: not eligible for auto-proxying)
2022-03-06 17:08:42.675  INFO 16108 --- [main] o.s.b.w.embedded.tomcat.TomcatWebServer  : Tomcat initialized with port(s): 8080 (http)
2022-03-06 17:08:42.679  INFO 16108 --- [main] o.apache.catalina.core.StandardService   : Starting service [Tomcat]
2022-03-06 17:08:42.679  INFO 16108 --- [main] org.apache.catalina.core.StandardEngine  : Starting Servlet engine: [Apache Tomcat/9.0.56]
2022-03-06 17:08:42.719  INFO 16108 --- [main] o.a.c.c.C.[Tomcat].[localhost].[/]       : Initializing Spring embedded WebApplicationContext
2022-03-06 17:08:42.720  INFO 16108 --- [main] w.s.c.ServletWebServerApplicationContext : Root WebApplicationContext: initialization completed in 1987 ms
2022-03-06 17:08:43.127  INFO 16108 --- [main] o.s.b.w.embedded.tomcat.TomcatWebServer  : Tomcat started on port(s): 8080 (http) with context path ''
2022-03-06 17:08:43.133  INFO 16108 --- [main] com.guo.MainApplication                  : Started MainApplication in 2.612 seconds (JVM running for 2.946)
2022-03-06 17:08:48.946  INFO 16108 --- [http-nio-8080-exec-1] o.a.c.c.C.[Tomcat].[localhost].[/]       : Initializing Spring DispatcherServlet 'dispatcherServlet'
2022-03-06 17:08:48.946  INFO 16108 --- [http-nio-8080-exec-1] o.s.web.servlet.DispatcherServlet        : Initializing Servlet 'dispatcherServlet'
2022-03-06 17:08:48.947  INFO 16108 --- [http-nio-8080-exec-1] o.s.web.servlet.DispatcherServlet        : Completed initialization in 1 ms
2022-03-06 17:09:46.102  INFO 16108 --- [SpringApplicationShutdownHook] com.alibaba.druid.pool.DruidDataSource   : {dataSource-1} closing ...
2022-03-06 17:09:46.106  INFO 16108 --- [SpringApplicationShutdownHook] com.alibaba.druid.pool.DruidDataSource   : {dataSource-1} closed
2022-03-06 17:09:47.696  INFO 12488 --- [main] com.guo.MainApplication                  : Starting MainApplication using Java 17.0.2 on DESKTOP-2N3PEKS with PID 12488 (E:\ideaprojects\novelproject\mynovel\target\classes started by guokaifeng in E:\ideaprojects\novelproject\mynovel)
2022-03-06 17:09:47.697 DEBUG 12488 --- [main] com.guo.MainApplication                  : Running with Spring Boot v2.6.3, Spring v5.3.15
2022-03-06 17:09:47.697  INFO 12488 --- [main] com.guo.MainApplication                  : No active profile set, falling back to default profiles: default
2022-03-06 17:09:47.985  INFO 12488 --- [main] .s.d.r.c.RepositoryConfigurationDelegate : Bootstrapping Spring Data JDBC repositories in DEFAULT mode.
2022-03-06 17:09:47.992  INFO 12488 --- [main] .s.d.r.c.RepositoryConfigurationDelegate : Finished Spring Data repository scanning in 4 ms. Found 0 JDBC repository interfaces.
2022-03-06 17:09:48.073  INFO 12488 --- [main] trationDelegate$BeanPostProcessorChecker : Bean 'org.apache.shiro.spring.boot.autoconfigure.ShiroBeanAutoConfiguration' of type [org.apache.shiro.spring.boot.autoconfigure.ShiroBeanAutoConfiguration$$EnhancerBySpringCGLIB$$3cde729a] is not eligible for getting processed by all BeanPostProcessors (for example: not eligible for auto-proxying)
2022-03-06 17:09:48.078  INFO 12488 --- [main] trationDelegate$BeanPostProcessorChecker : Bean 'org.apache.shiro.spring.boot.autoconfigure.ShiroAnnotationProcessorAutoConfiguration' of type [org.apache.shiro.spring.boot.autoconfigure.ShiroAnnotationProcessorAutoConfiguration$$EnhancerBySpringCGLIB$$3f71b13f] is not eligible for getting processed by all BeanPostProcessors (for example: not eligible for auto-proxying)
2022-03-06 17:09:48.093  INFO 12488 --- [main] trationDelegate$BeanPostProcessorChecker : Bean 'shiroConfig' of type [com.guo.config.ShiroConfig$$EnhancerBySpringCGLIB$$4522e410] is not eligible for getting processed by all BeanPostProcessors (for example: not eligible for auto-proxying)
2022-03-06 17:09:48.123  INFO 12488 --- [main] trationDelegate$BeanPostProcessorChecker : Bean 'mybatis-plus-com.baomidou.mybatisplus.autoconfigure.MybatisPlusProperties' of type [com.baomidou.mybatisplus.autoconfigure.MybatisPlusProperties] is not eligible for getting processed by all BeanPostProcessors (for example: not eligible for auto-proxying)
2022-03-06 17:09:48.126  INFO 12488 --- [main] trationDelegate$BeanPostProcessorChecker : Bean 'com.baomidou.mybatisplus.autoconfigure.MybatisPlusAutoConfiguration' of type [com.baomidou.mybatisplus.autoconfigure.MybatisPlusAutoConfiguration$$EnhancerBySpringCGLIB$$678e0184] is not eligible for getting processed by all BeanPostProcessors (for example: not eligible for auto-proxying)
2022-03-06 17:09:48.127  INFO 12488 --- [main] trationDelegate$BeanPostProcessorChecker : Bean 'druidConfig' of type [com.guo.config.DruidConfig$$EnhancerBySpringCGLIB$$99c94781] is not eligible for getting processed by all BeanPostProcessors (for example: not eligible for auto-proxying)
2022-03-06 17:09:48.169  INFO 12488 --- [main] trationDelegate$BeanPostProcessorChecker : Bean 'druidDataSource' of type [com.alibaba.druid.pool.DruidDataSource] is not eligible for getting processed by all BeanPostProcessors (for example: not eligible for auto-proxying)
2022-03-06 17:09:49.332  INFO 12488 --- [main] com.alibaba.druid.pool.DruidDataSource   : {dataSource-1} inited
2022-03-06 17:09:49.378  INFO 12488 --- [main] trationDelegate$BeanPostProcessorChecker : Bean 'sqlSessionFactory' of type [org.apache.ibatis.session.defaults.DefaultSqlSessionFactory] is not eligible for getting processed by all BeanPostProcessors (for example: not eligible for auto-proxying)
2022-03-06 17:09:49.382  INFO 12488 --- [main] trationDelegate$BeanPostProcessorChecker : Bean 'sqlSessionTemplate' of type [org.mybatis.spring.SqlSessionTemplate] is not eligible for getting processed by all BeanPostProcessors (for example: not eligible for auto-proxying)
2022-03-06 17:09:49.426  INFO 12488 --- [main] trationDelegate$BeanPostProcessorChecker : Bean 'accountMapper' of type [org.mybatis.spring.mapper.MapperFactoryBean] is not eligible for getting processed by all BeanPostProcessors (for example: not eligible for auto-proxying)
2022-03-06 17:09:49.427  INFO 12488 --- [main] trationDelegate$BeanPostProcessorChecker : Bean 'accountMapper' of type [jdk.proxy2.$Proxy68] is not eligible for getting processed by all BeanPostProcessors (for example: not eligible for auto-proxying)
2022-03-06 17:09:49.430  INFO 12488 --- [main] trationDelegate$BeanPostProcessorChecker : Bean 'accountServiceImpl' of type [com.guo.service.impl.AccountServiceImpl] is not eligible for getting processed by all BeanPostProcessors (for example: not eligible for auto-proxying)
2022-03-06 17:09:49.438  INFO 12488 --- [main] trationDelegate$BeanPostProcessorChecker : Bean 'userRealm' of type [com.guo.config.UserRealm] is not eligible for getting processed by all BeanPostProcessors (for example: not eligible for auto-proxying)
2022-03-06 17:09:49.467  INFO 12488 --- [main] trationDelegate$BeanPostProcessorChecker : Bean 'manager' of type [org.apache.shiro.web.mgt.DefaultWebSecurityManager] is not eligible for getting processed by all BeanPostProcessors (for example: not eligible for auto-proxying)
2022-03-06 17:09:49.477  INFO 12488 --- [main] trationDelegate$BeanPostProcessorChecker : Bean 'authorizationAttributeSourceAdvisor' of type [org.apache.shiro.spring.security.interceptor.AuthorizationAttributeSourceAdvisor] is not eligible for getting processed by all BeanPostProcessors (for example: not eligible for auto-proxying)
2022-03-06 17:09:49.478  INFO 12488 --- [main] trationDelegate$BeanPostProcessorChecker : Bean 'eventBus' of type [org.apache.shiro.event.support.DefaultEventBus] is not eligible for getting processed by all BeanPostProcessors (for example: not eligible for auto-proxying)
2022-03-06 17:09:49.582  INFO 12488 --- [main] o.s.b.w.embedded.tomcat.TomcatWebServer  : Tomcat initialized with port(s): 8080 (http)
2022-03-06 17:09:49.587  INFO 12488 --- [main] o.apache.catalina.core.StandardService   : Starting service [Tomcat]
2022-03-06 17:09:49.587  INFO 12488 --- [main] org.apache.catalina.core.StandardEngine  : Starting Servlet engine: [Apache Tomcat/9.0.56]
2022-03-06 17:09:49.628  INFO 12488 --- [main] o.a.c.c.C.[Tomcat].[localhost].[/]       : Initializing Spring embedded WebApplicationContext
2022-03-06 17:09:49.628  INFO 12488 --- [main] w.s.c.ServletWebServerApplicationContext : Root WebApplicationContext: initialization completed in 1906 ms
2022-03-06 17:09:50.033  INFO 12488 --- [main] o.s.b.w.embedded.tomcat.TomcatWebServer  : Tomcat started on port(s): 8080 (http) with context path ''
2022-03-06 17:09:50.039  INFO 12488 --- [main] com.guo.MainApplication                  : Started MainApplication in 2.527 seconds (JVM running for 2.852)
2022-03-06 17:10:21.202  INFO 12488 --- [http-nio-8080-exec-1] o.a.c.c.C.[Tomcat].[localhost].[/]       : Initializing Spring DispatcherServlet 'dispatcherServlet'
2022-03-06 17:10:21.202  INFO 12488 --- [http-nio-8080-exec-1] o.s.web.servlet.DispatcherServlet        : Initializing Servlet 'dispatcherServlet'
2022-03-06 17:10:21.203  INFO 12488 --- [http-nio-8080-exec-1] o.s.web.servlet.DispatcherServlet        : Completed initialization in 1 ms
2022-03-06 17:12:49.193  INFO 12488 --- [SpringApplicationShutdownHook] com.alibaba.druid.pool.DruidDataSource   : {dataSource-1} closing ...
2022-03-06 17:12:49.198  INFO 12488 --- [SpringApplicationShutdownHook] com.alibaba.druid.pool.DruidDataSource   : {dataSource-1} closed
2022-03-06 17:12:51.063  INFO 12572 --- [main] com.guo.MainApplication                  : Starting MainApplication using Java 17.0.2 on DESKTOP-2N3PEKS with PID 12572 (E:\ideaprojects\novelproject\mynovel\target\classes started by guokaifeng in E:\ideaprojects\novelproject\mynovel)
2022-03-06 17:12:51.065 DEBUG 12572 --- [main] com.guo.MainApplication                  : Running with Spring Boot v2.6.3, Spring v5.3.15
2022-03-06 17:12:51.065  INFO 12572 --- [main] com.guo.MainApplication                  : No active profile set, falling back to default profiles: default
2022-03-06 17:12:51.377  INFO 12572 --- [main] .s.d.r.c.RepositoryConfigurationDelegate : Bootstrapping Spring Data JDBC repositories in DEFAULT mode.
2022-03-06 17:12:51.383  INFO 12572 --- [main] .s.d.r.c.RepositoryConfigurationDelegate : Finished Spring Data repository scanning in 4 ms. Found 0 JDBC repository interfaces.
2022-03-06 17:12:51.469  INFO 12572 --- [main] trationDelegate$BeanPostProcessorChecker : Bean 'org.apache.shiro.spring.boot.autoconfigure.ShiroBeanAutoConfiguration' of type [org.apache.shiro.spring.boot.autoconfigure.ShiroBeanAutoConfiguration$$EnhancerBySpringCGLIB$$6c9bbad5] is not eligible for getting processed by all BeanPostProcessors (for example: not eligible for auto-proxying)
2022-03-06 17:12:51.474  INFO 12572 --- [main] trationDelegate$BeanPostProcessorChecker : Bean 'org.apache.shiro.spring.boot.autoconfigure.ShiroAnnotationProcessorAutoConfiguration' of type [org.apache.shiro.spring.boot.autoconfigure.ShiroAnnotationProcessorAutoConfiguration$$EnhancerBySpringCGLIB$$6f2ef97a] is not eligible for getting processed by all BeanPostProcessors (for example: not eligible for auto-proxying)
2022-03-06 17:12:51.490  INFO 12572 --- [main] trationDelegate$BeanPostProcessorChecker : Bean 'shiroConfig' of type [com.guo.config.ShiroConfig$$EnhancerBySpringCGLIB$$74e02c4b] is not eligible for getting processed by all BeanPostProcessors (for example: not eligible for auto-proxying)
2022-03-06 17:12:51.523  INFO 12572 --- [main] trationDelegate$BeanPostProcessorChecker : Bean 'mybatis-plus-com.baomidou.mybatisplus.autoconfigure.MybatisPlusProperties' of type [com.baomidou.mybatisplus.autoconfigure.MybatisPlusProperties] is not eligible for getting processed by all BeanPostProcessors (for example: not eligible for auto-proxying)
2022-03-06 17:12:51.525  INFO 12572 --- [main] trationDelegate$BeanPostProcessorChecker : Bean 'com.baomidou.mybatisplus.autoconfigure.MybatisPlusAutoConfiguration' of type [com.baomidou.mybatisplus.autoconfigure.MybatisPlusAutoConfiguration$$EnhancerBySpringCGLIB$$974b49bf] is not eligible for getting processed by all BeanPostProcessors (for example: not eligible for auto-proxying)
2022-03-06 17:12:51.527  INFO 12572 --- [main] trationDelegate$BeanPostProcessorChecker : Bean 'druidConfig' of type [com.guo.config.DruidConfig$$EnhancerBySpringCGLIB$$c9868fbc] is not eligible for getting processed by all BeanPostProcessors (for example: not eligible for auto-proxying)
2022-03-06 17:12:51.572  INFO 12572 --- [main] trationDelegate$BeanPostProcessorChecker : Bean 'druidDataSource' of type [com.alibaba.druid.pool.DruidDataSource] is not eligible for getting processed by all BeanPostProcessors (for example: not eligible for auto-proxying)
2022-03-06 17:12:52.750  INFO 12572 --- [main] com.alibaba.druid.pool.DruidDataSource   : {dataSource-1} inited
2022-03-06 17:12:52.800  INFO 12572 --- [main] trationDelegate$BeanPostProcessorChecker : Bean 'sqlSessionFactory' of type [org.apache.ibatis.session.defaults.DefaultSqlSessionFactory] is not eligible for getting processed by all BeanPostProcessors (for example: not eligible for auto-proxying)
2022-03-06 17:12:52.803  INFO 12572 --- [main] trationDelegate$BeanPostProcessorChecker : Bean 'sqlSessionTemplate' of type [org.mybatis.spring.SqlSessionTemplate] is not eligible for getting processed by all BeanPostProcessors (for example: not eligible for auto-proxying)
2022-03-06 17:12:52.844  INFO 12572 --- [main] trationDelegate$BeanPostProcessorChecker : Bean 'accountMapper' of type [org.mybatis.spring.mapper.MapperFactoryBean] is not eligible for getting processed by all BeanPostProcessors (for example: not eligible for auto-proxying)
2022-03-06 17:12:52.845  INFO 12572 --- [main] trationDelegate$BeanPostProcessorChecker : Bean 'accountMapper' of type [jdk.proxy2.$Proxy68] is not eligible for getting processed by all BeanPostProcessors (for example: not eligible for auto-proxying)
2022-03-06 17:12:52.848  INFO 12572 --- [main] trationDelegate$BeanPostProcessorChecker : Bean 'accountServiceImpl' of type [com.guo.service.impl.AccountServiceImpl] is not eligible for getting processed by all BeanPostProcessors (for example: not eligible for auto-proxying)
2022-03-06 17:12:52.861  INFO 12572 --- [main] trationDelegate$BeanPostProcessorChecker : Bean 'userRealm' of type [com.guo.config.UserRealm] is not eligible for getting processed by all BeanPostProcessors (for example: not eligible for auto-proxying)
2022-03-06 17:12:52.888  INFO 12572 --- [main] trationDelegate$BeanPostProcessorChecker : Bean 'manager' of type [org.apache.shiro.web.mgt.DefaultWebSecurityManager] is not eligible for getting processed by all BeanPostProcessors (for example: not eligible for auto-proxying)
2022-03-06 17:12:52.895  INFO 12572 --- [main] trationDelegate$BeanPostProcessorChecker : Bean 'authorizationAttributeSourceAdvisor' of type [org.apache.shiro.spring.security.interceptor.AuthorizationAttributeSourceAdvisor] is not eligible for getting processed by all BeanPostProcessors (for example: not eligible for auto-proxying)
2022-03-06 17:12:52.896  INFO 12572 --- [main] trationDelegate$BeanPostProcessorChecker : Bean 'eventBus' of type [org.apache.shiro.event.support.DefaultEventBus] is not eligible for getting processed by all BeanPostProcessors (for example: not eligible for auto-proxying)
2022-03-06 17:12:53.007  INFO 12572 --- [main] o.s.b.w.embedded.tomcat.TomcatWebServer  : Tomcat initialized with port(s): 8080 (http)
2022-03-06 17:12:53.012  INFO 12572 --- [main] o.apache.catalina.core.StandardService   : Starting service [Tomcat]
2022-03-06 17:12:53.012  INFO 12572 --- [main] org.apache.catalina.core.StandardEngine  : Starting Servlet engine: [Apache Tomcat/9.0.56]
2022-03-06 17:12:53.054  INFO 12572 --- [main] o.a.c.c.C.[Tomcat].[localhost].[/]       : Initializing Spring embedded WebApplicationContext
2022-03-06 17:12:53.054  INFO 12572 --- [main] w.s.c.ServletWebServerApplicationContext : Root WebApplicationContext: initialization completed in 1960 ms
2022-03-06 17:12:53.482  INFO 12572 --- [main] o.s.b.w.embedded.tomcat.TomcatWebServer  : Tomcat started on port(s): 8080 (http) with context path ''
2022-03-06 17:12:53.488  INFO 12572 --- [main] com.guo.MainApplication                  : Started MainApplication in 2.647 seconds (JVM running for 3.07)
2022-03-06 17:13:05.993  INFO 12572 --- [http-nio-8080-exec-1] o.a.c.c.C.[Tomcat].[localhost].[/]       : Initializing Spring DispatcherServlet 'dispatcherServlet'
2022-03-06 17:13:05.993  INFO 12572 --- [http-nio-8080-exec-1] o.s.web.servlet.DispatcherServlet        : Initializing Servlet 'dispatcherServlet'
2022-03-06 17:13:05.994  INFO 12572 --- [http-nio-8080-exec-1] o.s.web.servlet.DispatcherServlet        : Completed initialization in 1 ms
2022-03-06 17:58:48.200  INFO 12572 --- [SpringApplicationShutdownHook] com.alibaba.druid.pool.DruidDataSource   : {dataSource-1} closing ...
2022-03-06 17:58:48.203  INFO 12572 --- [SpringApplicationShutdownHook] com.alibaba.druid.pool.DruidDataSource   : {dataSource-1} closed
